<?xml version="1.0" encoding="UTF-8"?>
<!-- Generated by org.testng.reporters.JUnitXMLReporter -->
<testsuite ignored="0" hostname="DESKTOP-Q7U1RH8" failures="0" tests="2" name="Linux-Firefox" time="24.994" errors="0" timestamp="2025-07-03T18:40:12 IST">
  <testcase classname="TestCases.TC001_AcoountRegistrationTest" name="verification_of_accRegistration" time="3.051"/>
  <testcase classname="TestCases.TC002_LoginTest" name="verification_of_loginPage" time="2.619"/>
</testsuite> <!-- Linux-Firefox -->
