<?xml version="1.0" encoding="UTF-8"?>
<!-- Generated by org.testng.reporters.JUnitXMLReporter -->
<testsuite ignored="0" hostname="DESKTOP-Q7U1RH8" failures="1" tests="2" name="Test" time="48.888" errors="0" timestamp="2025-07-17T16:02:09 IST">
  <testcase classname="TestCases.TC001_AcoountRegistrationTest" name="verification_of_accRegistration" time="4.169"/>
  <testcase classname="TestCases.TC002_LoginTest" name="verification_of_loginPage" time="32.126">
    <failure type="java.lang.AssertionError" message="expected [true] but found [false]">
      <![CDATA[java.lang.AssertionError: expected [true] but found [false]
at TestCases.TC002_LoginTest.verification_of_loginPage(TC002_LoginTest.java:41)
at java.base/java.util.ArrayList.forEach(ArrayList.java:1596)
... Removed 36 stack frames]]>
    </failure>
  </testcase> <!-- verification_of_loginPage -->
</testsuite> <!-- Test -->
