<?xml version="1.0" encoding="UTF-8"?>
<testng-results ignored="0" total="2" passed="2" failed="0" skipped="0">
  <reporter-output>
  </reporter-output>
  <suite started-at="2025-07-07T11:17:35 IST" name="Suite" finished-at="2025-07-07T11:17:55 IST" duration-ms="20058">
    <groups>
      <group name="Master">
        <method signature="TC001_AcoountRegistrationTest.verification_of_accRegistration()[pri:0, instance:TestCases.TC001_AcoountRegistrationTest@37ddb69a]" name="verification_of_accRegistration" class="TestCases.TC001_AcoountRegistrationTest"/>
        <method signature="TC002_LoginTest.verification_of_loginPage()[pri:0, instance:TestCases.TC002_LoginTest@6955cb39]" name="verification_of_loginPage" class="TestCases.TC002_LoginTest"/>
      </group> <!-- Master -->
      <group name="Sanity">
        <method signature="TC002_LoginTest.verification_of_loginPage()[pri:0, instance:TestCases.TC002_LoginTest@6955cb39]" name="verification_of_loginPage" class="TestCases.TC002_LoginTest"/>
      </group> <!-- Sanity -->
      <group name="Regression">
        <method signature="TC001_AcoountRegistrationTest.verification_of_accRegistration()[pri:0, instance:TestCases.TC001_AcoountRegistrationTest@37ddb69a]" name="verification_of_accRegistration" class="TestCases.TC001_AcoountRegistrationTest"/>
      </group> <!-- Regression -->
    </groups>
    <test started-at="2025-07-07T11:17:35 IST" name="Test" finished-at="2025-07-07T11:17:55 IST" duration-ms="20058">
      <class name="TestCases.TC001_AcoountRegistrationTest">
        <test-method is-config="true" signature="setup(java.lang.String,java.lang.String)[pri:0, instance:TestCases.TC001_AcoountRegistrationTest@37ddb69a]" started-at="2025-07-07T11:17:35 IST" name="setup" finished-at="2025-07-07T11:17:46 IST" duration-ms="11090" status="PASS">
          <params>
            <param index="0">
              <value>
                <![CDATA[Windows]]>
              </value>
            </param>
            <param index="1">
              <value>
                <![CDATA[chrome]]>
              </value>
            </param>
          </params>
          <reporter-output>
          </reporter-output>
        </test-method> <!-- setup -->
        <test-method signature="verification_of_accRegistration()[pri:0, instance:TestCases.TC001_AcoountRegistrationTest@37ddb69a]" started-at="2025-07-07T11:17:46 IST" name="verification_of_accRegistration" finished-at="2025-07-07T11:17:49 IST" duration-ms="2987" status="PASS">
          <reporter-output>
          </reporter-output>
        </test-method> <!-- verification_of_accRegistration -->
        <test-method is-config="true" signature="teardown()[pri:0, instance:TestCases.TC001_AcoountRegistrationTest@37ddb69a]" started-at="2025-07-07T11:17:49 IST" name="teardown" finished-at="2025-07-07T11:17:50 IST" duration-ms="491" status="PASS">
          <reporter-output>
          </reporter-output>
        </test-method> <!-- teardown -->
      </class> <!-- TestCases.TC001_AcoountRegistrationTest -->
      <class name="TestCases.TC002_LoginTest">
        <test-method is-config="true" signature="setup(java.lang.String,java.lang.String)[pri:0, instance:TestCases.TC002_LoginTest@6955cb39]" started-at="2025-07-07T11:17:50 IST" name="setup" finished-at="2025-07-07T11:17:52 IST" duration-ms="2254" status="PASS">
          <params>
            <param index="0">
              <value>
                <![CDATA[Windows]]>
              </value>
            </param>
            <param index="1">
              <value>
                <![CDATA[chrome]]>
              </value>
            </param>
          </params>
          <reporter-output>
          </reporter-output>
        </test-method> <!-- setup -->
        <test-method signature="verification_of_loginPage()[pri:0, instance:TestCases.TC002_LoginTest@6955cb39]" started-at="2025-07-07T11:17:52 IST" name="verification_of_loginPage" finished-at="2025-07-07T11:17:54 IST" duration-ms="2375" status="PASS">
          <reporter-output>
          </reporter-output>
        </test-method> <!-- verification_of_loginPage -->
        <test-method is-config="true" signature="teardown()[pri:0, instance:TestCases.TC002_LoginTest@6955cb39]" started-at="2025-07-07T11:17:54 IST" name="teardown" finished-at="2025-07-07T11:17:55 IST" duration-ms="380" status="PASS">
          <reporter-output>
          </reporter-output>
        </test-method> <!-- teardown -->
      </class> <!-- TestCases.TC002_LoginTest -->
    </test> <!-- Test -->
  </suite> <!-- Suite -->
</testng-results>
